<?xml version="1.0" encoding="UTF-8"?>
<!-- Generated by org.testng.reporters.JUnitReportReporter -->
<testsuite skipped="0" hostname="DESKTOP-9MCKVCH" name="tests.NewTest" tests="1" failures="0" timestamp="22 May 2020 13:36:39 GMT" time="25.742" errors="0">
  <testcase name="openMyBlog" time="25.742" classname="tests.NewTest"/>
</testsuite> <!-- tests.NewTest -->
